<?xml version="1.0" encoding="UTF-8"?>
<testng-results skipped="0" failed="0" ignored="0" total="1" passed="1">
  <reporter-output>
  </reporter-output>
  <suite name="Default suite" duration-ms="20142" started-at="2022-03-07T01:07:19 EST" finished-at="2022-03-07T01:07:39 EST">
    <groups>
    </groups>
    <test name="Default test" duration-ms="20142" started-at="2022-03-07T01:07:19 EST" finished-at="2022-03-07T01:07:39 EST">
      <class name="learnTestNG01.DuplicateLead_TestCase_04">
        <test-method status="PASS" signature="duplicateLead()[pri:0, instance:learnTestNG01.DuplicateLead_TestCase_04@6c49835d]" name="duplicateLead" duration-ms="20060" started-at="2022-03-07T01:07:19 EST" finished-at="2022-03-07T01:07:39 EST">
          <reporter-output>
          </reporter-output>
        </test-method> <!-- duplicateLead -->
      </class> <!-- learnTestNG01.DuplicateLead_TestCase_04 -->
    </test> <!-- Default test -->
  </suite> <!-- Default suite -->
</testng-results>
